#
# There is insufficient memory for the Java Runtime Environment to continue.
# Native memory allocation (malloc) failed to allocate 32744 bytes. Error detail: Chunk::new
# Possible reasons:
#   The system is out of physical RAM or swap space
#   This process is running with CompressedOops enabled, and the Java Heap may be blocking the growth of the native heap
# Possible solutions:
#   Reduce memory load on the system
#   Increase physical memory or swap space
#   Check if swap backing store is full
#   Decrease Java heap size (-Xmx/-Xms)
#   Decrease number of Java threads
#   Decrease Java thread stack sizes (-Xss)
#   Set larger code cache with -XX:ReservedCodeCacheSize=
#   JVM is running with Zero Based Compressed Oops mode in which the Java heap is
#     placed in the first 32GB address space. The Java Heap base address is the
#     maximum limit for the native heap growth. Please use -XX:HeapBaseMinAddress
#     to set the Java Heap base and to place the Java Heap above 32GB virtual address.
# This output file may be truncated or incomplete.
#
#  Out of Memory Error (arena.cpp:168), pid=23864, tid=18528
#
# JRE version: OpenJDK Runtime Environment Corretto-21.0.4.7.1 (21.0.4+7) (build 21.0.4+7-LTS)
# Java VM: OpenJDK 64-Bit Server VM Corretto-21.0.4.7.1 (21.0.4+7-LTS, mixed mode, sharing, tiered, compressed oops, compressed class ptrs, g1 gc, windows-amd64)
# No core dump will be written. Minidumps are not enabled by default on client versions of Windows
#

---------------  S U M M A R Y ------------

Command Line: -javaagent:C:\Program Files\JetBrains\IntelliJ IDEA Community Edition 2024.1.4\lib\idea_rt.jar=50116:C:\Program Files\JetBrains\IntelliJ IDEA Community Edition 2024.1.4\bin -Dfile.encoding=UTF-8 -Dsun.stdout.encoding=UTF-8 -Dsun.stderr.encoding=UTF-8 com.ust.DriverService.DriverServiceApplication

Host: Intel(R) Xeon(R) Gold 6140 CPU @ 2.30GHz, 4 cores, 11G,  Windows 10 , 64 bit Build 19041 (10.0.19041.3636)
Time: Thu Jul 25 17:54:32 2024 India Standard Time elapsed time: 2.642077 seconds (0d 0h 0m 2s)

---------------  T H R E A D  ---------------

Current thread (0x0000027636791150):  JavaThread "C1 CompilerThread0" daemon [_thread_in_native, id=18528, stack(0x000000c266800000,0x000000c266900000) (1024K)]


Current CompileTask:
C1:   2642 2413       3       java.util.ArrayDeque::poll (5 bytes)

Stack: [0x000000c266800000,0x000000c266900000]
Native frames: (J=compiled Java code, j=interpreted, Vv=VM code, C=native code)
V  [jvm.dll+0x6d83d9]
V  [jvm.dll+0x8b39f3]
V  [jvm.dll+0x8b5d4e]
V  [jvm.dll+0x8b6433]
V  [jvm.dll+0x285816]
V  [jvm.dll+0xc608d]
V  [jvm.dll+0xc65c3]
V  [jvm.dll+0x287460]
V  [jvm.dll+0x155a02]
V  [jvm.dll+0x154e8f]
V  [jvm.dll+0x156cb1]
V  [jvm.dll+0x25c819]
V  [jvm.dll+0x25adcb]
V  [jvm.dll+0x3f9936]
V  [jvm.dll+0x85c768]
V  [jvm.dll+0x6d6bdd]
C  [ucrtbase.dll+0x21bb2]
C  [KERNEL32.DLL+0x17344]
C  [ntdll.dll+0x526b1]


---------------  P R O C E S S  ---------------

Threads class SMR info:
_java_thread_list=0x000002767cb9e060, length=17, elements={
0x0000027616f12310, 0x0000027636786970, 0x0000027636787890, 0x0000027636789660,
0x000002763678c1d0, 0x000002763678cc30, 0x000002763678d690, 0x000002763678e6a0,
0x0000027636791150, 0x000002763674f1f0, 0x0000027636cb7a80, 0x000002767c02a0e0,
0x000002767ca88650, 0x000002767c562a10, 0x000002767cfe8440, 0x000002767d40ead0,
0x000002767cb9ede0
}

Java Threads: ( => current thread )
  0x0000027616f12310 JavaThread "main"                              [_thread_blocked, id=7472, stack(0x000000c265900000,0x000000c265a00000) (1024K)]
  0x0000027636786970 JavaThread "Reference Handler"          daemon [_thread_blocked, id=7176, stack(0x000000c266100000,0x000000c266200000) (1024K)]
  0x0000027636787890 JavaThread "Finalizer"                  daemon [_thread_blocked, id=19884, stack(0x000000c266200000,0x000000c266300000) (1024K)]
  0x0000027636789660 JavaThread "Signal Dispatcher"          daemon [_thread_blocked, id=26620, stack(0x000000c266300000,0x000000c266400000) (1024K)]
  0x000002763678c1d0 JavaThread "Attach Listener"            daemon [_thread_blocked, id=15336, stack(0x000000c266400000,0x000000c266500000) (1024K)]
  0x000002763678cc30 JavaThread "Service Thread"             daemon [_thread_blocked, id=28116, stack(0x000000c266500000,0x000000c266600000) (1024K)]
  0x000002763678d690 JavaThread "Monitor Deflation Thread"   daemon [_thread_blocked, id=23664, stack(0x000000c266600000,0x000000c266700000) (1024K)]
  0x000002763678e6a0 JavaThread "C2 CompilerThread0"         daemon [_thread_in_native, id=15180, stack(0x000000c266700000,0x000000c266800000) (1024K)]
=>0x0000027636791150 JavaThread "C1 CompilerThread0"         daemon [_thread_in_native, id=18528, stack(0x000000c266800000,0x000000c266900000) (1024K)]
  0x000002763674f1f0 JavaThread "Common-Cleaner"             daemon [_thread_blocked, id=27736, stack(0x000000c266900000,0x000000c266a00000) (1024K)]
  0x0000027636cb7a80 JavaThread "Monitor Ctrl-Break"         daemon [_thread_in_native, id=27152, stack(0x000000c266e00000,0x000000c266f00000) (1024K)]
  0x000002767c02a0e0 JavaThread "Notification Thread"        daemon [_thread_blocked, id=13744, stack(0x000000c266f00000,0x000000c267000000) (1024K)]
  0x000002767ca88650 JavaThread "C2 CompilerThread1"         daemon [_thread_in_native, id=29908, stack(0x000000c266a00000,0x000000c266b00000) (1024K)]
  0x000002767c562a10 JavaThread "Thread-0"                          [_thread_blocked, id=20904, stack(0x000000c267000000,0x000000c267100000) (1024K)]
  0x000002767cfe8440 JavaThread "restartedMain"                     [_thread_in_Java, id=21672, stack(0x000000c267100000,0x000000c267200000) (1024K)]
  0x000002767d40ead0 JavaThread "Keep-Alive-Timer"           daemon [_thread_blocked, id=2764, stack(0x000000c267300000,0x000000c267400000) (1024K)]
  0x000002767cb9ede0 JavaThread "background-preinit"                [_thread_in_native, id=15240, stack(0x000000c267400000,0x000000c267500000) (1024K)]
Total: 17

Other Threads:
  0x0000027636763d70 VMThread "VM Thread"                           [id=15632, stack(0x000000c266000000,0x000000c266100000) (1024K)]
  0x000002763674dff0 WatcherThread "VM Periodic Task Thread"        [id=29284, stack(0x000000c265f00000,0x000000c266000000) (1024K)]
  0x000002761904a490 WorkerThread "GC Thread#0"                     [id=21864, stack(0x000000c265a00000,0x000000c265b00000) (1024K)]
  0x0000027636764bf0 WorkerThread "GC Thread#1"                     [id=27024, stack(0x000000c266b00000,0x000000c266c00000) (1024K)]
  0x0000027636764850 WorkerThread "GC Thread#2"                     [id=29264, stack(0x000000c266c00000,0x000000c266d00000) (1024K)]
  0x0000027636764f90 WorkerThread "GC Thread#3"                     [id=30496, stack(0x000000c266d00000,0x000000c266e00000) (1024K)]
  0x0000027619058480 ConcurrentGCThread "G1 Main Marker"            [id=25096, stack(0x000000c265b00000,0x000000c265c00000) (1024K)]
  0x000002761905a8e0 WorkerThread "G1 Conc#0"                       [id=8500, stack(0x000000c265c00000,0x000000c265d00000) (1024K)]
  0x00000276366224c0 ConcurrentGCThread "G1 Refine#0"               [id=28864, stack(0x000000c265d00000,0x000000c265e00000) (1024K)]
  0x00000276190aba40 ConcurrentGCThread "G1 Service"                [id=25164, stack(0x000000c265e00000,0x000000c265f00000) (1024K)]
Total: 10

Threads with active compile tasks:
C2 CompilerThread0     2665 2382   !   4       java.util.jar.Attributes::read (494 bytes)
C1 CompilerThread0     2665 2413       3       java.util.ArrayDeque::poll (5 bytes)
C2 CompilerThread1     2665 2225       4       org.springframework.boot.context.config.ConfigDataEnvironmentContributor$ContributorIterator::fetchIfNecessary (153 bytes)
Total: 3

VM state: not at safepoint (normal execution)

VM Mutex/Monitor currently owned by a thread: None

Heap address: 0x0000000740000000, size: 3072 MB, Compressed Oops mode: Zero based, Oop shift amount: 3

CDS archive(s) mapped at: [0x0000027637000000-0x0000027637c90000-0x0000027637c90000), size 13172736, SharedBaseAddress: 0x0000027637000000, ArchiveRelocationMode: 1.
Compressed class space mapped at: 0x0000027638000000-0x0000027678000000, reserved size: 1073741824
Narrow klass base: 0x0000027637000000, Narrow klass shift: 0, Narrow klass range: 0x100000000

GC Precious Log:
 CardTable entry size: 512
 Card Set container configuration: InlinePtr #cards 4 size 8 Array Of Cards #cards 16 size 48 Howl #buckets 8 coarsen threshold 3686 Howl Bitmap #cards 512 size 80 coarsen threshold 460 Card regions per heap region 1 cards per card region 4096
 CPUs: 4 total, 4 available
 Memory: 12286M
 Large Page Support: Disabled
 NUMA Support: Disabled
 Compressed Oops: Enabled (Zero based)
 Heap Region Size: 2M
 Heap Min Capacity: 8M
 Heap Initial Capacity: 192M
 Heap Max Capacity: 3G
 Pre-touch: Disabled
 Parallel Workers: 4
 Concurrent Workers: 1
 Concurrent Refinement Workers: 4
 Periodic GC: Disabled

Heap:
 garbage-first heap   total 196608K, used 53222K [0x0000000740000000, 0x0000000800000000)
  region size 2048K, 25 young (51200K), 2 survivors (4096K)
 Metaspace       used 18181K, committed 18432K, reserved 1114112K
  class space    used 2199K, committed 2304K, reserved 1048576K

Heap Regions: E=young(eden), S=young(survivor), O=old, HS=humongous(starts), HC=humongous(continues), CS=collection set, F=free, TAMS=top-at-mark-start, PB=parsable bottom
|   0|0x0000000740000000, 0x0000000740200000, 0x0000000740200000|100%| O|  |TAMS 0x0000000740000000| PB 0x0000000740000000| Untracked 
|   1|0x0000000740200000, 0x0000000740400000, 0x0000000740400000|100%| O|  |TAMS 0x0000000740200000| PB 0x0000000740200000| Untracked 
|   2|0x0000000740400000, 0x0000000740600000, 0x0000000740600000|100%| O|  |TAMS 0x0000000740400000| PB 0x0000000740400000| Untracked 
|   3|0x0000000740600000, 0x000000074078f740, 0x0000000740800000| 78%| O|  |TAMS 0x0000000740600000| PB 0x0000000740600000| Untracked 
|   4|0x0000000740800000, 0x0000000740800000, 0x0000000740a00000|  0%| F|  |TAMS 0x0000000740800000| PB 0x0000000740800000| Untracked 
|   5|0x0000000740a00000, 0x0000000740a00000, 0x0000000740c00000|  0%| F|  |TAMS 0x0000000740a00000| PB 0x0000000740a00000| Untracked 
|   6|0x0000000740c00000, 0x0000000740c00000, 0x0000000740e00000|  0%| F|  |TAMS 0x0000000740c00000| PB 0x0000000740c00000| Untracked 
|   7|0x0000000740e00000, 0x0000000740e00000, 0x0000000741000000|  0%| F|  |TAMS 0x0000000740e00000| PB 0x0000000740e00000| Untracked 
|   8|0x0000000741000000, 0x0000000741000000, 0x0000000741200000|  0%| F|  |TAMS 0x0000000741000000| PB 0x0000000741000000| Untracked 
|   9|0x0000000741200000, 0x0000000741200000, 0x0000000741400000|  0%| F|  |TAMS 0x0000000741200000| PB 0x0000000741200000| Untracked 
|  10|0x0000000741400000, 0x0000000741400000, 0x0000000741600000|  0%| F|  |TAMS 0x0000000741400000| PB 0x0000000741400000| Untracked 
|  11|0x0000000741600000, 0x0000000741600000, 0x0000000741800000|  0%| F|  |TAMS 0x0000000741600000| PB 0x0000000741600000| Untracked 
|  12|0x0000000741800000, 0x0000000741800000, 0x0000000741a00000|  0%| F|  |TAMS 0x0000000741800000| PB 0x0000000741800000| Untracked 
|  13|0x0000000741a00000, 0x0000000741a00000, 0x0000000741c00000|  0%| F|  |TAMS 0x0000000741a00000| PB 0x0000000741a00000| Untracked 
|  14|0x0000000741c00000, 0x0000000741c00000, 0x0000000741e00000|  0%| F|  |TAMS 0x0000000741c00000| PB 0x0000000741c00000| Untracked 
|  15|0x0000000741e00000, 0x0000000741e00000, 0x0000000742000000|  0%| F|  |TAMS 0x0000000741e00000| PB 0x0000000741e00000| Untracked 
|  16|0x0000000742000000, 0x0000000742000000, 0x0000000742200000|  0%| F|  |TAMS 0x0000000742000000| PB 0x0000000742000000| Untracked 
|  17|0x0000000742200000, 0x0000000742200000, 0x0000000742400000|  0%| F|  |TAMS 0x0000000742200000| PB 0x0000000742200000| Untracked 
|  18|0x0000000742400000, 0x0000000742400000, 0x0000000742600000|  0%| F|  |TAMS 0x0000000742400000| PB 0x0000000742400000| Untracked 
|  19|0x0000000742600000, 0x0000000742600000, 0x0000000742800000|  0%| F|  |TAMS 0x0000000742600000| PB 0x0000000742600000| Untracked 
|  20|0x0000000742800000, 0x0000000742800000, 0x0000000742a00000|  0%| F|  |TAMS 0x0000000742800000| PB 0x0000000742800000| Untracked 
|  21|0x0000000742a00000, 0x0000000742a00000, 0x0000000742c00000|  0%| F|  |TAMS 0x0000000742a00000| PB 0x0000000742a00000| Untracked 
|  22|0x0000000742c00000, 0x0000000742c00000, 0x0000000742e00000|  0%| F|  |TAMS 0x0000000742c00000| PB 0x0000000742c00000| Untracked 
|  23|0x0000000742e00000, 0x0000000742e00000, 0x0000000743000000|  0%| F|  |TAMS 0x0000000742e00000| PB 0x0000000742e00000| Untracked 
|  24|0x0000000743000000, 0x0000000743000000, 0x0000000743200000|  0%| F|  |TAMS 0x0000000743000000| PB 0x0000000743000000| Untracked 
|  25|0x0000000743200000, 0x0000000743200000, 0x0000000743400000|  0%| F|  |TAMS 0x0000000743200000| PB 0x0000000743200000| Untracked 
|  26|0x0000000743400000, 0x0000000743400000, 0x0000000743600000|  0%| F|  |TAMS 0x0000000743400000| PB 0x0000000743400000| Untracked 
|  27|0x0000000743600000, 0x0000000743600000, 0x0000000743800000|  0%| F|  |TAMS 0x0000000743600000| PB 0x0000000743600000| Untracked 
|  28|0x0000000743800000, 0x0000000743800000, 0x0000000743a00000|  0%| F|  |TAMS 0x0000000743800000| PB 0x0000000743800000| Untracked 
|  29|0x0000000743a00000, 0x0000000743a00000, 0x0000000743c00000|  0%| F|  |TAMS 0x0000000743a00000| PB 0x0000000743a00000| Untracked 
|  30|0x0000000743c00000, 0x0000000743c00000, 0x0000000743e00000|  0%| F|  |TAMS 0x0000000743c00000| PB 0x0000000743c00000| Untracked 
|  31|0x0000000743e00000, 0x0000000743e00000, 0x0000000744000000|  0%| F|  |TAMS 0x0000000743e00000| PB 0x0000000743e00000| Untracked 
|  32|0x0000000744000000, 0x0000000744000000, 0x0000000744200000|  0%| F|  |TAMS 0x0000000744000000| PB 0x0000000744000000| Untracked 
|  33|0x0000000744200000, 0x0000000744200000, 0x0000000744400000|  0%| F|  |TAMS 0x0000000744200000| PB 0x0000000744200000| Untracked 
|  34|0x0000000744400000, 0x0000000744400000, 0x0000000744600000|  0%| F|  |TAMS 0x0000000744400000| PB 0x0000000744400000| Untracked 
|  35|0x0000000744600000, 0x0000000744600000, 0x0000000744800000|  0%| F|  |TAMS 0x0000000744600000| PB 0x0000000744600000| Untracked 
|  36|0x0000000744800000, 0x0000000744800000, 0x0000000744a00000|  0%| F|  |TAMS 0x0000000744800000| PB 0x0000000744800000| Untracked 
|  37|0x0000000744a00000, 0x0000000744a00000, 0x0000000744c00000|  0%| F|  |TAMS 0x0000000744a00000| PB 0x0000000744a00000| Untracked 
|  38|0x0000000744c00000, 0x0000000744c00000, 0x0000000744e00000|  0%| F|  |TAMS 0x0000000744c00000| PB 0x0000000744c00000| Untracked 
|  39|0x0000000744e00000, 0x0000000744e00000, 0x0000000745000000|  0%| F|  |TAMS 0x0000000744e00000| PB 0x0000000744e00000| Untracked 
|  40|0x0000000745000000, 0x0000000745000000, 0x0000000745200000|  0%| F|  |TAMS 0x0000000745000000| PB 0x0000000745000000| Untracked 
|  41|0x0000000745200000, 0x0000000745200000, 0x0000000745400000|  0%| F|  |TAMS 0x0000000745200000| PB 0x0000000745200000| Untracked 
|  42|0x0000000745400000, 0x0000000745400000, 0x0000000745600000|  0%| F|  |TAMS 0x0000000745400000| PB 0x0000000745400000| Untracked 
|  43|0x0000000745600000, 0x0000000745600000, 0x0000000745800000|  0%| F|  |TAMS 0x0000000745600000| PB 0x0000000745600000| Untracked 
|  44|0x0000000745800000, 0x0000000745800000, 0x0000000745a00000|  0%| F|  |TAMS 0x0000000745800000| PB 0x0000000745800000| Untracked 
|  45|0x0000000745a00000, 0x0000000745a00000, 0x0000000745c00000|  0%| F|  |TAMS 0x0000000745a00000| PB 0x0000000745a00000| Untracked 
|  46|0x0000000745c00000, 0x0000000745c00000, 0x0000000745e00000|  0%| F|  |TAMS 0x0000000745c00000| PB 0x0000000745c00000| Untracked 
|  47|0x0000000745e00000, 0x0000000745e00000, 0x0000000746000000|  0%| F|  |TAMS 0x0000000745e00000| PB 0x0000000745e00000| Untracked 
|  48|0x0000000746000000, 0x0000000746000000, 0x0000000746200000|  0%| F|  |TAMS 0x0000000746000000| PB 0x0000000746000000| Untracked 
|  49|0x0000000746200000, 0x0000000746200000, 0x0000000746400000|  0%| F|  |TAMS 0x0000000746200000| PB 0x0000000746200000| Untracked 
|  50|0x0000000746400000, 0x0000000746400000, 0x0000000746600000|  0%| F|  |TAMS 0x0000000746400000| PB 0x0000000746400000| Untracked 
|  51|0x0000000746600000, 0x0000000746600000, 0x0000000746800000|  0%| F|  |TAMS 0x0000000746600000| PB 0x0000000746600000| Untracked 
|  52|0x0000000746800000, 0x0000000746800000, 0x0000000746a00000|  0%| F|  |TAMS 0x0000000746800000| PB 0x0000000746800000| Untracked 
|  53|0x0000000746a00000, 0x0000000746a00000, 0x0000000746c00000|  0%| F|  |TAMS 0x0000000746a00000| PB 0x0000000746a00000| Untracked 
|  54|0x0000000746c00000, 0x0000000746c00000, 0x0000000746e00000|  0%| F|  |TAMS 0x0000000746c00000| PB 0x0000000746c00000| Untracked 
|  55|0x0000000746e00000, 0x0000000746e00000, 0x0000000747000000|  0%| F|  |TAMS 0x0000000746e00000| PB 0x0000000746e00000| Untracked 
|  56|0x0000000747000000, 0x0000000747000000, 0x0000000747200000|  0%| F|  |TAMS 0x0000000747000000| PB 0x0000000747000000| Untracked 
|  57|0x0000000747200000, 0x0000000747200000, 0x0000000747400000|  0%| F|  |TAMS 0x0000000747200000| PB 0x0000000747200000| Untracked 
|  58|0x0000000747400000, 0x0000000747400000, 0x0000000747600000|  0%| F|  |TAMS 0x0000000747400000| PB 0x0000000747400000| Untracked 
|  59|0x0000000747600000, 0x0000000747600000, 0x0000000747800000|  0%| F|  |TAMS 0x0000000747600000| PB 0x0000000747600000| Untracked 
|  60|0x0000000747800000, 0x0000000747800000, 0x0000000747a00000|  0%| F|  |TAMS 0x0000000747800000| PB 0x0000000747800000| Untracked 
|  61|0x0000000747a00000, 0x0000000747a00000, 0x0000000747c00000|  0%| F|  |TAMS 0x0000000747a00000| PB 0x0000000747a00000| Untracked 
|  62|0x0000000747c00000, 0x0000000747c00000, 0x0000000747e00000|  0%| F|  |TAMS 0x0000000747c00000| PB 0x0000000747c00000| Untracked 
|  63|0x0000000747e00000, 0x0000000747e00000, 0x0000000748000000|  0%| F|  |TAMS 0x0000000747e00000| PB 0x0000000747e00000| Untracked 
|  64|0x0000000748000000, 0x0000000748000000, 0x0000000748200000|  0%| F|  |TAMS 0x0000000748000000| PB 0x0000000748000000| Untracked 
|  65|0x0000000748200000, 0x0000000748200000, 0x0000000748400000|  0%| F|  |TAMS 0x0000000748200000| PB 0x0000000748200000| Untracked 
|  66|0x0000000748400000, 0x0000000748400000, 0x0000000748600000|  0%| F|  |TAMS 0x0000000748400000| PB 0x0000000748400000| Untracked 
|  67|0x0000000748600000, 0x0000000748600000, 0x0000000748800000|  0%| F|  |TAMS 0x0000000748600000| PB 0x0000000748600000| Untracked 
|  68|0x0000000748800000, 0x0000000748800000, 0x0000000748a00000|  0%| F|  |TAMS 0x0000000748800000| PB 0x0000000748800000| Untracked 
|  69|0x0000000748a00000, 0x0000000748a00000, 0x0000000748c00000|  0%| F|  |TAMS 0x0000000748a00000| PB 0x0000000748a00000| Untracked 
|  70|0x0000000748c00000, 0x0000000748c00000, 0x0000000748e00000|  0%| F|  |TAMS 0x0000000748c00000| PB 0x0000000748c00000| Untracked 
|  71|0x0000000748e00000, 0x0000000748fdc630, 0x0000000749000000| 93%| E|  |TAMS 0x0000000748e00000| PB 0x0000000748e00000| Complete 
|  72|0x0000000749000000, 0x0000000749200000, 0x0000000749200000|100%| E|CS|TAMS 0x0000000749000000| PB 0x0000000749000000| Complete 
|  73|0x0000000749200000, 0x0000000749400000, 0x0000000749400000|100%| E|CS|TAMS 0x0000000749200000| PB 0x0000000749200000| Complete 
|  74|0x0000000749400000, 0x0000000749600000, 0x0000000749600000|100%| E|CS|TAMS 0x0000000749400000| PB 0x0000000749400000| Complete 
|  75|0x0000000749600000, 0x0000000749800000, 0x0000000749800000|100%| E|CS|TAMS 0x0000000749600000| PB 0x0000000749600000| Complete 
|  76|0x0000000749800000, 0x0000000749a00000, 0x0000000749a00000|100%| E|CS|TAMS 0x0000000749800000| PB 0x0000000749800000| Complete 
|  77|0x0000000749a00000, 0x0000000749c00000, 0x0000000749c00000|100%| E|CS|TAMS 0x0000000749a00000| PB 0x0000000749a00000| Complete 
|  78|0x0000000749c00000, 0x0000000749e00000, 0x0000000749e00000|100%| E|  |TAMS 0x0000000749c00000| PB 0x0000000749c00000| Complete 
|  79|0x0000000749e00000, 0x000000074a000000, 0x000000074a000000|100%| E|CS|TAMS 0x0000000749e00000| PB 0x0000000749e00000| Complete 
|  80|0x000000074a000000, 0x000000074a200000, 0x000000074a200000|100%| E|CS|TAMS 0x000000074a000000| PB 0x000000074a000000| Complete 
|  81|0x000000074a200000, 0x000000074a400000, 0x000000074a400000|100%| E|CS|TAMS 0x000000074a200000| PB 0x000000074a200000| Complete 
|  82|0x000000074a400000, 0x000000074a46a0e0, 0x000000074a600000| 20%| S|CS|TAMS 0x000000074a400000| PB 0x000000074a400000| Complete 
|  83|0x000000074a600000, 0x000000074a800000, 0x000000074a800000|100%| S|CS|TAMS 0x000000074a600000| PB 0x000000074a600000| Complete 
|  84|0x000000074a800000, 0x000000074aa00000, 0x000000074aa00000|100%| E|CS|TAMS 0x000000074a800000| PB 0x000000074a800000| Complete 
|  85|0x000000074aa00000, 0x000000074ac00000, 0x000000074ac00000|100%| E|CS|TAMS 0x000000074aa00000| PB 0x000000074aa00000| Complete 
|  86|0x000000074ac00000, 0x000000074ae00000, 0x000000074ae00000|100%| E|CS|TAMS 0x000000074ac00000| PB 0x000000074ac00000| Complete 
|  87|0x000000074ae00000, 0x000000074b000000, 0x000000074b000000|100%| E|CS|TAMS 0x000000074ae00000| PB 0x000000074ae00000| Complete 
|  88|0x000000074b000000, 0x000000074b200000, 0x000000074b200000|100%| E|CS|TAMS 0x000000074b000000| PB 0x000000074b000000| Complete 
|  89|0x000000074b200000, 0x000000074b400000, 0x000000074b400000|100%| E|CS|TAMS 0x000000074b200000| PB 0x000000074b200000| Complete 
|  90|0x000000074b400000, 0x000000074b600000, 0x000000074b600000|100%| E|CS|TAMS 0x000000074b400000| PB 0x000000074b400000| Complete 
|  91|0x000000074b600000, 0x000000074b800000, 0x000000074b800000|100%| E|CS|TAMS 0x000000074b600000| PB 0x000000074b600000| Complete 
|  92|0x000000074b800000, 0x000000074ba00000, 0x000000074ba00000|100%| E|CS|TAMS 0x000000074b800000| PB 0x000000074b800000| Complete 
|  93|0x000000074ba00000, 0x000000074bc00000, 0x000000074bc00000|100%| E|CS|TAMS 0x000000074ba00000| PB 0x000000074ba00000| Complete 
|  94|0x000000074bc00000, 0x000000074be00000, 0x000000074be00000|100%| E|CS|TAMS 0x000000074bc00000| PB 0x000000074bc00000| Complete 
|  95|0x000000074be00000, 0x000000074c000000, 0x000000074c000000|100%| E|CS|TAMS 0x000000074be00000| PB 0x000000074be00000| Complete 

Card table byte_map: [0x0000027630cd0000,0x00000276312d0000] _byte_map_base: 0x000002762d2d0000

Marking Bits: (CMBitMap*) 0x000002761904ab90
 Bits: [0x00000276312d0000, 0x00000276342d0000)

Polling page: 0x0000027616ff0000

Metaspace:

Usage:
  Non-class:     15.64 MB used.
      Class:      2.17 MB used.
       Both:     17.81 MB used.

Virtual space:
  Non-class space:       64.00 MB reserved,      15.81 MB ( 25%) committed,  1 nodes.
      Class space:        1.00 GB reserved,       2.31 MB ( <1%) committed,  1 nodes.
             Both:        1.06 GB reserved,      18.12 MB (  2%) committed. 

Chunk freelists:
   Non-Class:  15.84 MB
       Class:  13.74 MB
        Both:  29.58 MB

MaxMetaspaceSize: unlimited
CompressedClassSpaceSize: 1.00 GB
Initial GC threshold: 21.00 MB
Current GC threshold: 21.00 MB
CDS: on
 - commit_granule_bytes: 65536.
 - commit_granule_words: 8192.
 - virtual_space_node_default_size: 8388608.
 - enlarge_chunks_in_place: 1.
 - use_allocation_guard: 0.


Internal statistics:

num_allocs_failed_limit: 0.
num_arena_births: 308.
num_arena_deaths: 0.
num_vsnodes_births: 2.
num_vsnodes_deaths: 0.
num_space_committed: 290.
num_space_uncommitted: 0.
num_chunks_returned_to_freelist: 0.
num_chunks_taken_from_freelist: 911.
num_chunk_merges: 0.
num_chunk_splits: 600.
num_chunks_enlarged: 426.
num_inconsistent_stats: 0.

CodeHeap 'non-profiled nmethods': size=120000Kb used=1141Kb max_used=1141Kb free=118858Kb
 bounds [0x00000276291a0000, 0x0000027629410000, 0x00000276306d0000]
CodeHeap 'profiled nmethods': size=120000Kb used=4493Kb max_used=4493Kb free=115506Kb
 bounds [0x00000276216d0000, 0x0000027621b40000, 0x0000027628c00000]
CodeHeap 'non-nmethods': size=5760Kb used=1455Kb max_used=1519Kb free=4304Kb
 bounds [0x0000027628c00000, 0x0000027628e70000, 0x00000276291a0000]
 total_blobs=2944 nmethods=2401 adapters=447
 compilation: enabled
              stopped_count=0, restarted_count=0
 full_count=0

Compilation events (20 events):
Event: 2.605 Thread 0x0000027636791150 nmethod 2403 0x0000027621b2f690 code [0x0000027621b2f880, 0x0000027621b2fd20]
Event: 2.613 Thread 0x0000027636791150 2404       2       ch.qos.logback.core.subst.Tokenizer::handleLiteralState (141 bytes)
Event: 2.613 Thread 0x0000027636791150 nmethod 2404 0x0000027621b2fe90 code [0x0000027621b30100, 0x0000027621b305c8]
Event: 2.613 Thread 0x0000027636791150 2405       3       java.util.ArrayDeque::addLast (51 bytes)
Event: 2.613 Thread 0x0000027636791150 nmethod 2405 0x0000027621b30890 code [0x0000027621b30a60, 0x0000027621b30f28]
Event: 2.616 Thread 0x0000027636791150 2406       2       ch.qos.logback.core.subst.Parser::peekAtCurentToken (35 bytes)
Event: 2.616 Thread 0x0000027636791150 nmethod 2406 0x0000027621b31110 code [0x0000027621b312c0, 0x0000027621b314c0]
Event: 2.616 Thread 0x0000027636791150 2408       2       java.lang.ProcessEnvironment$NameComparator::compare (90 bytes)
Event: 2.617 Thread 0x0000027636791150 nmethod 2408 0x0000027621b31590 code [0x0000027621b317a0, 0x0000027621b31cf8]
Event: 2.617 Thread 0x0000027636791150 2407       2       java.lang.ProcessEnvironment$NameComparator::compare (13 bytes)
Event: 2.617 Thread 0x0000027636791150 nmethod 2407 0x0000027621b32190 code [0x0000027621b32340, 0x0000027621b324d8]
Event: 2.618 Thread 0x0000027636791150 2409       2       java.util.Properties::getProperty (50 bytes)
Event: 2.618 Thread 0x0000027636791150 nmethod 2409 0x0000027621b32590 code [0x0000027621b32740, 0x0000027621b32978]
Event: 2.618 Thread 0x0000027636791150 2410       2       ch.qos.logback.classic.Logger::getChildByName (68 bytes)
Event: 2.618 Thread 0x0000027636791150 nmethod 2410 0x0000027621b32a90 code [0x0000027621b32c80, 0x0000027621b32f80]
Event: 2.618 Thread 0x0000027636791150 2411       1       java.util.logging.LogManager$LoggerContext::getOwner (5 bytes)
Event: 2.618 Thread 0x0000027636791150 nmethod 2411 0x00000276292b3d90 code [0x00000276292b3f20, 0x00000276292b3ff0]
Event: 2.621 Thread 0x0000027636791150 2412       3       java.util.ArrayDeque::add (7 bytes)
Event: 2.621 Thread 0x0000027636791150 nmethod 2412 0x0000027621b33110 code [0x0000027621b332c0, 0x0000027621b33488]
Event: 2.637 Thread 0x0000027636791150 2413       3       java.util.ArrayDeque::poll (5 bytes)

GC Heap History (6 events):
Event: 0.358 GC heap before
{Heap before GC invocations=0 (full 0):
 garbage-first heap   total 196608K, used 10240K [0x0000000740000000, 0x0000000800000000)
  region size 2048K, 6 young (12288K), 0 survivors (0K)
 Metaspace       used 457K, committed 640K, reserved 1114112K
  class space    used 14K, committed 128K, reserved 1048576K
}
Event: 0.364 GC heap after
{Heap after GC invocations=1 (full 0):
 garbage-first heap   total 196608K, used 8038K [0x0000000740000000, 0x0000000800000000)
  region size 2048K, 1 young (2048K), 1 survivors (2048K)
 Metaspace       used 457K, committed 640K, reserved 1114112K
  class space    used 14K, committed 128K, reserved 1048576K
}
Event: 0.844 GC heap before
{Heap before GC invocations=1 (full 0):
 garbage-first heap   total 196608K, used 14182K [0x0000000740000000, 0x0000000800000000)
  region size 2048K, 4 young (8192K), 1 survivors (2048K)
 Metaspace       used 3185K, committed 3392K, reserved 1114112K
  class space    used 302K, committed 384K, reserved 1048576K
}
Event: 0.847 GC heap after
{Heap after GC invocations=2 (full 0):
 garbage-first heap   total 196608K, used 9088K [0x0000000740000000, 0x0000000800000000)
  region size 2048K, 1 young (2048K), 1 survivors (2048K)
 Metaspace       used 3185K, committed 3392K, reserved 1114112K
  class space    used 302K, committed 384K, reserved 1048576K
}
Event: 1.433 GC heap before
{Heap before GC invocations=2 (full 0):
 garbage-first heap   total 196608K, used 31616K [0x0000000740000000, 0x0000000800000000)
  region size 2048K, 12 young (24576K), 1 survivors (2048K)
 Metaspace       used 7180K, committed 7488K, reserved 1114112K
  class space    used 822K, committed 960K, reserved 1048576K
}
Event: 1.438 GC heap after
{Heap after GC invocations=3 (full 0):
 garbage-first heap   total 196608K, used 10214K [0x0000000740000000, 0x0000000800000000)
  region size 2048K, 2 young (4096K), 2 survivors (4096K)
 Metaspace       used 7180K, committed 7488K, reserved 1114112K
  class space    used 822K, committed 960K, reserved 1048576K
}

Dll operation events (12 events):
Event: 0.011 Loaded shared library C:\Program Files\Amazon Corretto\jdk21.0.4_7\bin\java.dll
Event: 0.052 Loaded shared library C:\Program Files\Amazon Corretto\jdk21.0.4_7\bin\jsvml.dll
Event: 0.208 Loaded shared library C:\Program Files\Amazon Corretto\jdk21.0.4_7\bin\zip.dll
Event: 0.212 Loaded shared library C:\Program Files\Amazon Corretto\jdk21.0.4_7\bin\instrument.dll
Event: 0.218 Loaded shared library C:\Program Files\Amazon Corretto\jdk21.0.4_7\bin\net.dll
Event: 0.220 Loaded shared library C:\Program Files\Amazon Corretto\jdk21.0.4_7\bin\nio.dll
Event: 0.224 Loaded shared library C:\Program Files\Amazon Corretto\jdk21.0.4_7\bin\zip.dll
Event: 0.411 Loaded shared library C:\Program Files\JetBrains\IntelliJ IDEA Community Edition 2024.1.4\bin\breakgen64.dll
Event: 0.504 Loaded shared library C:\Program Files\Amazon Corretto\jdk21.0.4_7\bin\extnet.dll
Event: 0.590 Loaded shared library C:\Program Files\Amazon Corretto\jdk21.0.4_7\bin\jimage.dll
Event: 1.036 Loaded shared library C:\Program Files\Amazon Corretto\jdk21.0.4_7\bin\management.dll
Event: 1.038 Loaded shared library C:\Program Files\Amazon Corretto\jdk21.0.4_7\bin\management_ext.dll

Deoptimization events (20 events):
Event: 2.551 Thread 0x000002767cfe8440 Uncommon trap: trap_request=0xffffffd6 fr.pc=0x00000276292701d4 relative=0x0000000000001b54
Event: 2.551 Thread 0x000002767cfe8440 Uncommon trap: reason=array_check action=maybe_recompile pc=0x00000276292701d4 method=org.springframework.boot.context.properties.source.ConfigurationPropertyName$ElementsParser.add(IILorg/springframework/boot/context/properties/source/ConfigurationProper
Event: 2.551 Thread 0x000002767cfe8440 DEOPT PACKING pc=0x00000276292701d4 sp=0x000000c2671fdbe0
Event: 2.551 Thread 0x000002767cfe8440 DEOPT UNPACKING pc=0x0000027628c546a2 sp=0x000000c2671fdba8 mode 2
Event: 2.552 Thread 0x000002767cfe8440 Uncommon trap: trap_request=0xffffffd6 fr.pc=0x00000276292701d4 relative=0x0000000000001b54
Event: 2.552 Thread 0x000002767cfe8440 Uncommon trap: reason=array_check action=maybe_recompile pc=0x00000276292701d4 method=org.springframework.boot.context.properties.source.ConfigurationPropertyName$ElementsParser.add(IILorg/springframework/boot/context/properties/source/ConfigurationProper
Event: 2.552 Thread 0x000002767cfe8440 DEOPT PACKING pc=0x00000276292701d4 sp=0x000000c2671fdbe0
Event: 2.552 Thread 0x000002767cfe8440 DEOPT UNPACKING pc=0x0000027628c546a2 sp=0x000000c2671fdba8 mode 2
Event: 2.552 Thread 0x000002767cfe8440 Uncommon trap: trap_request=0xffffffd6 fr.pc=0x00000276292701d4 relative=0x0000000000001b54
Event: 2.552 Thread 0x000002767cfe8440 Uncommon trap: reason=array_check action=maybe_recompile pc=0x00000276292701d4 method=org.springframework.boot.context.properties.source.ConfigurationPropertyName$ElementsParser.add(IILorg/springframework/boot/context/properties/source/ConfigurationProper
Event: 2.552 Thread 0x000002767cfe8440 DEOPT PACKING pc=0x00000276292701d4 sp=0x000000c2671fdbe0
Event: 2.552 Thread 0x000002767cfe8440 DEOPT UNPACKING pc=0x0000027628c546a2 sp=0x000000c2671fdba8 mode 2
Event: 2.583 Thread 0x000002767cfe8440 Uncommon trap: trap_request=0xffffff45 fr.pc=0x00000276292a19c8 relative=0x0000000000000128
Event: 2.583 Thread 0x000002767cfe8440 Uncommon trap: reason=unstable_if action=reinterpret pc=0x00000276292a19c8 method=java.util.Arrays.equals([Ljava/lang/Object;[Ljava/lang/Object;)Z @ 23 c2
Event: 2.583 Thread 0x000002767cfe8440 DEOPT PACKING pc=0x00000276292a19c8 sp=0x000000c2671fe190
Event: 2.583 Thread 0x000002767cfe8440 DEOPT UNPACKING pc=0x0000027628c546a2 sp=0x000000c2671fe118 mode 2
Event: 2.595 Thread 0x000002767cfe8440 Uncommon trap: trap_request=0xffffff45 fr.pc=0x00000276291f9224 relative=0x00000000000007a4
Event: 2.595 Thread 0x000002767cfe8440 Uncommon trap: reason=unstable_if action=reinterpret pc=0x00000276291f9224 method=java.util.jar.JarFile.getEntry(Ljava/lang/String;)Ljava/util/zip/ZipEntry; @ 15 c2
Event: 2.595 Thread 0x000002767cfe8440 DEOPT PACKING pc=0x00000276291f9224 sp=0x000000c2671fd530
Event: 2.595 Thread 0x000002767cfe8440 DEOPT UNPACKING pc=0x0000027628c546a2 sp=0x000000c2671fd528 mode 2

Classes loaded (20 events):
Event: 2.595 Loading class java/util/concurrent/ScheduledExecutorService
Event: 2.595 Loading class java/util/concurrent/ScheduledExecutorService done
Event: 2.601 Loading class java/lang/ThreadBuilders$VirtualThreadBuilder
Event: 2.601 Loading class java/lang/Thread$Builder$OfVirtual
Event: 2.601 Loading class java/lang/Thread$Builder
Event: 2.601 Loading class java/lang/Thread$Builder done
Event: 2.601 Loading class java/lang/Thread$Builder$OfVirtual done
Event: 2.601 Loading class java/lang/ThreadBuilders$BaseThreadBuilder
Event: 2.601 Loading class java/lang/ThreadBuilders$BaseThreadBuilder done
Event: 2.601 Loading class java/lang/ThreadBuilders$VirtualThreadBuilder done
Event: 2.601 Loading class java/lang/ThreadBuilders
Event: 2.602 Loading class java/lang/ThreadBuilders done
Event: 2.602 Loading class java/lang/ThreadBuilders$VirtualThreadFactory
Event: 2.602 Loading class java/lang/ThreadBuilders$BaseThreadFactory
Event: 2.602 Loading class java/lang/ThreadBuilders$BaseThreadFactory done
Event: 2.602 Loading class java/lang/ThreadBuilders$VirtualThreadFactory done
Event: 2.615 Loading class java/util/Stack
Event: 2.615 Loading class java/util/Stack done
Event: 2.615 Loading class java/util/Vector$Itr
Event: 2.615 Loading class java/util/Vector$Itr done

Classes unloaded (0 events):
No events

Classes redefined (0 events):
No events

Internal exceptions (20 events):
Event: 1.719 Thread 0x000002767cfe8440 Exception <a 'java/lang/NoSuchMethodError'{0x000000074b753aa0}: 'java.lang.reflect.Field[] java.lang.Class.getDeclaredFields(java.lang.Class)'> (0x000000074b753aa0) 
thrown [s\src\hotspot\share\interpreter\linkResolver.cpp, line 773]
Event: 1.720 Thread 0x000002767cfe8440 Exception <a 'java/lang/NoSuchMethodError'{0x000000074b758700}: 'java.lang.Object java.lang.invoke.DirectMethodHandle$Holder.invokeStatic(java.lang.Object, java.lang.Object, int)'> (0x000000074b758700) 
thrown [s\src\hotspot\share\interpreter\linkResolver.cpp, line 773]
Event: 1.722 Thread 0x000002767cfe8440 Exception <a 'java/lang/NoSuchMethodError'{0x000000074b764158}: 'void java.lang.invoke.DelegatingMethodHandle$Holder.delegate(java.lang.Object, java.lang.Object, int, java.lang.Object)'> (0x000000074b764158) 
thrown [s\src\hotspot\share\interpreter\linkResolver.cpp, line 773]
Event: 2.198 Thread 0x000002767cfe8440 Exception <a 'java/lang/NoSuchMethodError'{0x0000000749f203e0}: 'long java.lang.invoke.DirectMethodHandle$Holder.invokeSpecial(java.lang.Object, java.lang.Object)'> (0x0000000749f203e0) 
thrown [s\src\hotspot\share\interpreter\linkResolver.cpp, line 773]
Event: 2.199 Thread 0x000002767cfe8440 Exception <a 'java/lang/NoSuchMethodError'{0x0000000749f2ab48}: 'long java.lang.invoke.DirectMethodHandle$Holder.invokeStatic(java.lang.Object, java.lang.Object)'> (0x0000000749f2ab48) 
thrown [s\src\hotspot\share\interpreter\linkResolver.cpp, line 773]
Event: 2.200 Thread 0x000002767cfe8440 Exception <a 'java/lang/NoSuchMethodError'{0x0000000749f2e190}: 'long java.lang.invoke.DirectMethodHandle$Holder.invokeStaticInit(java.lang.Object, java.lang.Object)'> (0x0000000749f2e190) 
thrown [s\src\hotspot\share\interpreter\linkResolver.cpp, line 773]
Event: 2.202 Thread 0x000002767cfe8440 Exception <a 'java/lang/NoSuchMethodError'{0x0000000749f3a8e8}: 'long java.lang.invoke.DirectMethodHandle$Holder.invokeInterface(java.lang.Object, java.lang.Object)'> (0x0000000749f3a8e8) 
thrown [s\src\hotspot\share\interpreter\linkResolver.cpp, line 773]
Event: 2.202 Thread 0x000002767cfe8440 Exception <a 'java/lang/IncompatibleClassChangeError'{0x0000000749f3de58}: Found class java.lang.Object, but interface was expected> (0x0000000749f3de58) 
thrown [s\src\hotspot\share\interpreter\linkResolver.cpp, line 840]
Event: 2.206 Thread 0x000002767cfe8440 Exception <a 'java/lang/NoSuchMethodError'{0x0000000749f54860}: 'java.lang.Object java.lang.invoke.DirectMethodHandle$Holder.invokeVirtual(java.lang.Object, java.lang.Object, java.lang.Object, java.lang.Object)'> (0x0000000749f54860) 
thrown [s\src\hotspot\share\interpreter\linkResolver.cpp, line 773]
Event: 2.217 Thread 0x000002767cfe8440 Exception <a 'java/lang/NoSuchMethodError'{0x0000000749fad798}: 'void java.lang.invoke.DirectMethodHandle$Holder.invokeVirtual(java.lang.Object, java.lang.Object, java.lang.Object, java.lang.Object)'> (0x0000000749fad798) 
thrown [s\src\hotspot\share\interpreter\linkResolver.cpp, line 773]
Event: 2.336 Thread 0x000002767cfe8440 Exception <a 'java/lang/NoSuchMethodError'{0x0000000749805fc0}: 'int java.lang.invoke.DirectMethodHandle$Holder.invokeVirtual(java.lang.Object, java.lang.Object, java.lang.Object)'> (0x0000000749805fc0) 
thrown [s\src\hotspot\share\interpreter\linkResolver.cpp, line 773]
Event: 2.409 Thread 0x000002767cfe8440 Exception <a 'java/lang/NoSuchMethodError'{0x0000000749955b00}: 'java.lang.Object java.lang.invoke.DirectMethodHandle$Holder.newInvokeSpecial(java.lang.Object, java.lang.Object, java.lang.Object, java.lang.Object, java.lang.Object, java.lang.Object)'> (0x0000000749955b00) 
thrown [s\src\hotspot\share\interpreter\linkResolver.cpp, line 773]
Event: 2.414 Thread 0x000002767cfe8440 Exception <a 'java/lang/NoSuchMethodError'{0x000000074997d910}: 'void java.lang.invoke.Invokers$Holder.invokeExact_MT(java.lang.Object, java.lang.Object, java.lang.Object, java.lang.Object)'> (0x000000074997d910) 
thrown [s\src\hotspot\share\interpreter\linkResolver.cpp, line 773]
Event: 2.445 Thread 0x000002767cfe8440 Exception <a 'java/lang/NoSuchMethodError'{0x00000007496dd5c8}: 'void java.lang.invoke.DirectMethodHandle$Holder.invokeInterface(java.lang.Object, java.lang.Object, java.lang.Object)'> (0x00000007496dd5c8) 
thrown [s\src\hotspot\share\interpreter\linkResolver.cpp, line 773]
Event: 2.544 Thread 0x000002767d19e0a0 Exception <a 'java/net/UnknownHostException'{0x0000000749333670}> (0x0000000749333670) 
thrown [s\src\hotspot\share\prims\jni.cpp, line 520]
Event: 2.570 Thread 0x000002767cfe8440 Exception <a 'java/lang/NoSuchMethodError'{0x0000000749050d08}: 'void java.lang.invoke.DirectMethodHandle$Holder.invokeStaticInit(java.lang.Object, java.lang.Object, java.lang.Object)'> (0x0000000749050d08) 
thrown [s\src\hotspot\share\interpreter\linkResolver.cpp, line 773]
Event: 2.575 Thread 0x000002767cfe8440 Exception <a 'java/lang/NoSuchMethodError'{0x000000074908d208}: 'java.lang.Object java.lang.invoke.DirectMethodHandle$Holder.invokeVirtual(java.lang.Object, java.lang.Object, java.lang.Object)'> (0x000000074908d208) 
thrown [s\src\hotspot\share\interpreter\linkResolver.cpp, line 773]
Event: 2.579 Thread 0x000002767cfe8440 Exception <a 'java/lang/NoSuchMethodError'{0x00000007490a48a0}: 'java.lang.Object java.lang.invoke.DirectMethodHandle$Holder.invokeStatic(java.lang.Object, long, java.lang.Object)'> (0x00000007490a48a0) 
thrown [s\src\hotspot\share\interpreter\linkResolver.cpp, line 773]
Event: 2.579 Thread 0x000002767cfe8440 Exception <a 'java/lang/NoSuchMethodError'{0x00000007490a7f28}: 'java.lang.Object java.lang.invoke.DirectMethodHandle$Holder.invokeStaticInit(java.lang.Object, long, java.lang.Object)'> (0x00000007490a7f28) 
thrown [s\src\hotspot\share\interpreter\linkResolver.cpp, line 773]
Event: 2.579 Thread 0x000002767cfe8440 Exception <a 'java/lang/NoSuchMethodError'{0x00000007490ad3b8}: 'java.lang.Object java.lang.invoke.DirectMethodHandle$Holder.newInvokeSpecial(java.lang.Object, long)'> (0x00000007490ad3b8) 
thrown [s\src\hotspot\share\interpreter\linkResolver.cpp, line 773]

ZGC Phase Switch (0 events):
No events

VM Operations (20 events):
Event: 1.719 Executing VM operation: HandshakeAllThreads (Deoptimize)
Event: 1.719 Executing VM operation: HandshakeAllThreads (Deoptimize) done
Event: 1.879 Executing VM operation: HandshakeAllThreads (Deoptimize)
Event: 1.879 Executing VM operation: HandshakeAllThreads (Deoptimize) done
Event: 1.880 Executing VM operation: HandshakeAllThreads (Deoptimize)
Event: 1.880 Executing VM operation: HandshakeAllThreads (Deoptimize) done
Event: 2.010 Executing VM operation: ICBufferFull
Event: 2.010 Executing VM operation: ICBufferFull done
Event: 2.018 Executing VM operation: HandshakeAllThreads (Deoptimize)
Event: 2.018 Executing VM operation: HandshakeAllThreads (Deoptimize) done
Event: 2.212 Executing VM operation: HandshakeAllThreads (Deoptimize)
Event: 2.212 Executing VM operation: HandshakeAllThreads (Deoptimize) done
Event: 2.219 Executing VM operation: HandshakeAllThreads (Deoptimize)
Event: 2.219 Executing VM operation: HandshakeAllThreads (Deoptimize) done
Event: 2.219 Executing VM operation: HandshakeAllThreads (Deoptimize)
Event: 2.220 Executing VM operation: HandshakeAllThreads (Deoptimize) done
Event: 2.275 Executing VM operation: HandshakeAllThreads (Deoptimize)
Event: 2.275 Executing VM operation: HandshakeAllThreads (Deoptimize) done
Event: 2.418 Executing VM operation: HandshakeAllThreads (Deoptimize)
Event: 2.418 Executing VM operation: HandshakeAllThreads (Deoptimize) done

Memory protections (0 events):
No events

Nmethod flushes (0 events):
No events

Events (20 events):
Event: 0.031 Thread 0x0000027616f12310 Thread added: 0x0000027616f12310
Event: 0.047 Thread 0x0000027616f12310 Thread added: 0x0000027636786970
Event: 0.047 Thread 0x0000027616f12310 Thread added: 0x0000027636787890
Event: 0.048 Thread 0x0000027616f12310 Thread added: 0x0000027636789660
Event: 0.048 Thread 0x0000027616f12310 Thread added: 0x000002763678c1d0
Event: 0.048 Thread 0x0000027616f12310 Thread added: 0x000002763678cc30
Event: 0.048 Thread 0x0000027616f12310 Thread added: 0x000002763678d690
Event: 0.048 Thread 0x0000027616f12310 Thread added: 0x000002763678e6a0
Event: 0.049 Thread 0x0000027616f12310 Thread added: 0x0000027636791150
Event: 0.186 Thread 0x0000027616f12310 Thread added: 0x000002763674f1f0
Event: 0.263 Thread 0x000002763678e6a0 Thread added: 0x0000027636b82380
Event: 0.412 Thread 0x0000027616f12310 Thread added: 0x0000027636cb7a80
Event: 0.412 Thread 0x0000027616f12310 Thread added: 0x000002767c02a0e0
Event: 0.975 Thread 0x0000027636b82380 Thread exited: 0x0000027636b82380
Event: 1.117 Thread 0x0000027636791150 Thread added: 0x000002767ca88650
Event: 1.202 Thread 0x0000027616f12310 Thread added: 0x000002767c562a10
Event: 1.205 Thread 0x000002767c562a10 Thread added: 0x000002767cfe8440
Event: 2.418 Thread 0x000002767cfe8440 Thread added: 0x000002767d40ead0
Event: 2.540 Thread 0x000002767cfe8440 Thread added: 0x000002767d19e0a0
Event: 2.546 Thread 0x000002767d19e0a0 Thread exited: 0x000002767d19e0a0


Dynamic libraries:
0x00007ff7c2840000 - 0x00007ff7c284e000 	C:\Program Files\Amazon Corretto\jdk21.0.4_7\bin\java.exe
0x00007ffe44ad0000 - 0x00007ffe44cc8000 	C:\Windows\SYSTEM32\ntdll.dll
0x00007ffe43a30000 - 0x00007ffe43aed000 	C:\Windows\System32\KERNEL32.DLL
0x00007ffe42320000 - 0x00007ffe42616000 	C:\Windows\System32\KERNELBASE.dll
0x00007ffe42180000 - 0x00007ffe42280000 	C:\Windows\System32\ucrtbase.dll
0x00007ffe271f0000 - 0x00007ffe2720b000 	C:\Program Files\Amazon Corretto\jdk21.0.4_7\bin\VCRUNTIME140.dll
0x00007ffe2b010000 - 0x00007ffe2b028000 	C:\Program Files\Amazon Corretto\jdk21.0.4_7\bin\jli.dll
0x00007ffe43cd0000 - 0x00007ffe43e6f000 	C:\Windows\System32\USER32.dll
0x00007ffe42280000 - 0x00007ffe422a2000 	C:\Windows\System32\win32u.dll
0x00007ffe42f70000 - 0x00007ffe42f9b000 	C:\Windows\System32\GDI32.dll
0x00007ffe427b0000 - 0x00007ffe428c7000 	C:\Windows\System32\gdi32full.dll
0x00007ffe428d0000 - 0x00007ffe4296d000 	C:\Windows\System32\msvcp_win.dll
0x00007ffe35360000 - 0x00007ffe355fa000 	C:\Windows\WinSxS\amd64_microsoft.windows.common-controls_6595b64144ccf1df_6.0.19041.3636_none_60b6a03d71f818d5\COMCTL32.dll
0x00007ffe449f0000 - 0x00007ffe44a8e000 	C:\Windows\System32\msvcrt.dll
0x00007ffe43fb0000 - 0x00007ffe43fe2000 	C:\Windows\System32\IMM32.DLL
0x00007ffe2e000000 - 0x00007ffe2e00c000 	C:\Program Files\Amazon Corretto\jdk21.0.4_7\bin\vcruntime140_1.dll
0x00007ffe19ae0000 - 0x00007ffe19b6d000 	C:\Program Files\Amazon Corretto\jdk21.0.4_7\bin\msvcp140.dll
0x00007ffe08700000 - 0x00007ffe09496000 	C:\Program Files\Amazon Corretto\jdk21.0.4_7\bin\server\jvm.dll
0x00007ffe44810000 - 0x00007ffe448c0000 	C:\Windows\System32\ADVAPI32.dll
0x00007ffe43af0000 - 0x00007ffe43b90000 	C:\Windows\System32\sechost.dll
0x00007ffe43e70000 - 0x00007ffe43f93000 	C:\Windows\System32\RPCRT4.dll
0x00007ffe42620000 - 0x00007ffe42647000 	C:\Windows\System32\bcrypt.dll
0x00007ffe43ba0000 - 0x00007ffe43c0b000 	C:\Windows\System32\WS2_32.dll
0x00007ffe41fe0000 - 0x00007ffe4202b000 	C:\Windows\SYSTEM32\POWRPROF.dll
0x00007ffe398d0000 - 0x00007ffe398da000 	C:\Windows\SYSTEM32\VERSION.dll
0x00007ffe37490000 - 0x00007ffe374b7000 	C:\Windows\SYSTEM32\WINMM.dll
0x00007ffe41fc0000 - 0x00007ffe41fd2000 	C:\Windows\SYSTEM32\UMPDC.dll
0x00007ffe3fff0000 - 0x00007ffe40002000 	C:\Windows\SYSTEM32\kernel.appcore.dll
0x00007ffe2d530000 - 0x00007ffe2d53a000 	C:\Program Files\Amazon Corretto\jdk21.0.4_7\bin\jimage.dll
0x00007ffe385e0000 - 0x00007ffe387c4000 	C:\Windows\SYSTEM32\DBGHELP.DLL
0x00007ffe38550000 - 0x00007ffe38584000 	C:\Windows\SYSTEM32\dbgcore.DLL
0x00007ffe42970000 - 0x00007ffe429f2000 	C:\Windows\System32\bcryptPrimitives.dll
0x00007ffe3db30000 - 0x00007ffe3db3e000 	C:\Program Files\Amazon Corretto\jdk21.0.4_7\bin\instrument.dll
0x00007ffe27160000 - 0x00007ffe2717f000 	C:\Program Files\Amazon Corretto\jdk21.0.4_7\bin\java.dll
0x00007ffe440a0000 - 0x00007ffe4480b000 	C:\Windows\System32\SHELL32.dll
0x00007ffe401f0000 - 0x00007ffe4098e000 	C:\Windows\SYSTEM32\windows.storage.dll
0x00007ffe43440000 - 0x00007ffe43793000 	C:\Windows\System32\combase.dll
0x00007ffe41a00000 - 0x00007ffe41a2e000 	C:\Windows\SYSTEM32\Wldp.dll
0x00007ffe43240000 - 0x00007ffe4330d000 	C:\Windows\System32\OLEAUT32.dll
0x00007ffe42fa0000 - 0x00007ffe4304d000 	C:\Windows\System32\SHCORE.dll
0x00007ffe43c70000 - 0x00007ffe43cc5000 	C:\Windows\System32\shlwapi.dll
0x00007ffe420b0000 - 0x00007ffe420d3000 	C:\Windows\SYSTEM32\profapi.dll
0x00007ffe0df30000 - 0x00007ffe0e007000 	C:\Program Files\Amazon Corretto\jdk21.0.4_7\bin\jsvml.dll
0x00007ffe26b70000 - 0x00007ffe26b88000 	C:\Program Files\Amazon Corretto\jdk21.0.4_7\bin\zip.dll
0x00007ffe2d480000 - 0x00007ffe2d490000 	C:\Program Files\Amazon Corretto\jdk21.0.4_7\bin\net.dll
0x00007ffe39ab0000 - 0x00007ffe39bba000 	C:\Windows\SYSTEM32\WINHTTP.dll
0x00007ffe417e0000 - 0x00007ffe4184a000 	C:\Windows\system32\mswsock.dll
0x00007ffe270e0000 - 0x00007ffe270f6000 	C:\Program Files\Amazon Corretto\jdk21.0.4_7\bin\nio.dll
0x00007ffe39370000 - 0x00007ffe3938a000 	C:\Program Files\JetBrains\IntelliJ IDEA Community Edition 2024.1.4\bin\breakgen64.dll
0x00007ffe3dbc0000 - 0x00007ffe3dbc9000 	C:\Program Files\Amazon Corretto\jdk21.0.4_7\bin\extnet.dll
0x00007ffe39470000 - 0x00007ffe39479000 	C:\Program Files\Amazon Corretto\jdk21.0.4_7\bin\management.dll
0x00007ffe39220000 - 0x00007ffe3922b000 	C:\Program Files\Amazon Corretto\jdk21.0.4_7\bin\management_ext.dll
0x00007ffe43b90000 - 0x00007ffe43b98000 	C:\Windows\System32\PSAPI.DLL
0x00007ffe41580000 - 0x00007ffe4164b000 	C:\Windows\SYSTEM32\DNSAPI.dll
0x00007ffe414e0000 - 0x00007ffe4151b000 	C:\Windows\SYSTEM32\IPHLPAPI.DLL
0x00007ffe43fa0000 - 0x00007ffe43fa8000 	C:\Windows\System32\NSI.dll
0x00007ffe38e70000 - 0x00007ffe38e7a000 	C:\Windows\System32\rasadhlp.dll
0x00007ffe39760000 - 0x00007ffe397e0000 	C:\Windows\System32\fwpuclnt.dll

dbghelp: loaded successfully - version: 4.0.5 - missing functions: none
symbol engine: initialized successfully - sym options: 0x614 - pdb path: .;C:\Program Files\Amazon Corretto\jdk21.0.4_7\bin;C:\Windows\SYSTEM32;C:\Windows\WinSxS\amd64_microsoft.windows.common-controls_6595b64144ccf1df_6.0.19041.3636_none_60b6a03d71f818d5;C:\Program Files\Amazon Corretto\jdk21.0.4_7\bin\server;C:\Program Files\JetBrains\IntelliJ IDEA Community Edition 2024.1.4\bin

VM Arguments:
jvm_args: -javaagent:C:\Program Files\JetBrains\IntelliJ IDEA Community Edition 2024.1.4\lib\idea_rt.jar=50116:C:\Program Files\JetBrains\IntelliJ IDEA Community Edition 2024.1.4\bin -Dfile.encoding=UTF-8 -Dsun.stdout.encoding=UTF-8 -Dsun.stderr.encoding=UTF-8 
java_command: com.ust.DriverService.DriverServiceApplication
java_class_path (initial): C:\Users\Administrator\Downloads\VehicleBooking\DriverService\target\classes;C:\Users\Administrator\.m2\repository\org\springframework\boot\spring-boot-starter-actuator\3.3.2\spring-boot-starter-actuator-3.3.2.jar;C:\Users\Administrator\.m2\repository\org\springframework\boot\spring-boot-starter\3.3.2\spring-boot-starter-3.3.2.jar;C:\Users\Administrator\.m2\repository\org\springframework\boot\spring-boot-starter-logging\3.3.2\spring-boot-starter-logging-3.3.2.jar;C:\Users\Administrator\.m2\repository\ch\qos\logback\logback-classic\1.5.6\logback-classic-1.5.6.jar;C:\Users\Administrator\.m2\repository\ch\qos\logback\logback-core\1.5.6\logback-core-1.5.6.jar;C:\Users\Administrator\.m2\repository\org\apache\logging\log4j\log4j-to-slf4j\2.23.1\log4j-to-slf4j-2.23.1.jar;C:\Users\Administrator\.m2\repository\org\apache\logging\log4j\log4j-api\2.23.1\log4j-api-2.23.1.jar;C:\Users\Administrator\.m2\repository\org\slf4j\jul-to-slf4j\2.0.13\jul-to-slf4j-2.0.13.jar;C:\Users\Administrator\.m2\repository\jakarta\annotation\jakarta.annotation-api\2.1.1\jakarta.annotation-api-2.1.1.jar;C:\Users\Administrator\.m2\repository\org\yaml\snakeyaml\2.2\snakeyaml-2.2.jar;C:\Users\Administrator\.m2\repository\org\springframework\boot\spring-boot-actuator-autoconfigure\3.3.2\spring-boot-actuator-autoconfigure-3.3.2.jar;C:\Users\Administrator\.m2\repository\org\springframework\boot\spring-boot-actuator\3.3.2\spring-boot-actuator-3.3.2.jar;C:\Users\Administrator\.m2\repository\com\fasterxml\jackson\datatype\jackson-datatype-jsr310\2.17.2\jackson-datatype-jsr310-2.17.2.jar;C:\Users\Administrator\.m2\repository\io\micrometer\micrometer-observation\1.13.2\micrometer-observation-1.13.2.jar;C:\Users\Administrator\.m2\repository\io\micrometer\micrometer-commons\1.13.2\micrometer-commons-1.13.2.jar;C:\Users\Administrator\.m2\repository\io\micrometer\micrometer-jakarta9\1.13.2\micrometer-jakarta9-1.13.2.jar;C:\Users\Administrator\.m2\repository\io\micrometer\micrometer-core\1.13.2\micrometer-core-1.13.2.jar;C:\Users\Administrator\.m2\repository\org\hdrhistogram\HdrHistogram\2.2.2\HdrHistogram-2.2.2.jar;C:\Users\Administrator\.m2\repository\org\latencyutils\LatencyUtils\2.0.3\LatencyUtils-2.0.3.jar;C:\Users\Administrator\.m2\repository\org\springframework\boot\spring-boot-starter-data-jpa\3.3.2\spring-boot-starter-data-jpa-3.3.2.jar;C:\Users\Administrator\.m2\repository\org\springframework\boot\spring-boot-starter-aop\3.3.2\spring-boot-starter-aop-3.3.2.jar;C:\Users\Administrator\.m2\repository\org\springframework\spring-aop\6.1.11\spring-aop-6.1.11.jar;C:\Users\Administrator\.m2\repository\org\aspectj\aspectjweaver\1.9.22.1\aspectjweaver-1.9.22.1.jar;C:\Users\Administrator\.m2\repository\org\springframework\boot\spring-boot-starter-jdbc\3.3.2\spring-boot-starter-jdbc-3.3.2.jar;C:\Users\Administrator\.m2\repository\com\zaxxer\HikariCP\5.1.0\HikariCP-5.1.0.jar;C:\Users\Administrator\.m2\repository\org\springframework\spring-jdbc\6.1.11\spring-jdbc-6.1.11.jar;C:\Users\Administrator\.m2\repository\org\hibernate\orm\hibernate-core\6.5.2.Final\hibernate-core-6.5.2.Final.jar;C:\Users\Administrator\.m2\repository\jakarta\persistence\jakarta.persistence-api\3.1.0\jakarta.persistence-api-3.1.0.jar;C:\Users\Administrator\.m2\repository\jakarta\transaction\jakarta.transaction-api\2.0.1\jakarta.transaction-api-2.0.1.jar;C:\Users\Administrator\.m2\repository\org\jboss\logging\jboss-logging\3.5.3.Final\jboss-logging-3.5.3.Final.jar;C:\Users\Administrator\.m2\repository\org\hibernate\common\hibernate-commons-annotations\6.0.6.Final\hibernate-commons-annotations-6.0.6.Final.jar;C:\Users\Administrator\.m2\repository\io\smallrye\jandex\3.1.2\jandex-3.1.2.jar;C:\Users\Administrator\.m2\repository\com\fasterxml\classmate\1.7.0\classmate-1.7.0.jar;C:\Users\Administrator\.m2\repository\net\bytebuddy\byte-buddy\1.14.18\byte-buddy-1.14.18.jar;C:\Users\Administrator\.m2\repository\org\glassfish\jaxb\jaxb-runtime\4.0.5\jaxb-runtime-4.0.5.jar;C:\Users\Administrator\.m2\repository\org\glassfish\jaxb\jaxb-core\4.0.5\jaxb-core-4.0.5.jar;C:\Users\Administrator\.m2\repository\org\eclipse\angus\angus-activation\2.0.2\angus-activation-2.0.2.jar;C:\Users\Administrator\.m2\repository\org\glassfish\jaxb\txw2\4.0.5\txw2-4.0.5.jar;C:\Users\Administrator\.m2\repository\com\sun\istack\istack-commons-runtime\4.1.2\istack-commons-runtime-4.1.2.jar;C:\Users\Administrator\.m2\repository\jakarta\inject\jakarta.inject-api\2.0.1\jakarta.inject-api-2.0.1.jar;C:\Users\Administrator\.m2\repository\org\antlr\antlr4-runtime\4.13.0\antlr4-runtime-4.13.0.jar;C:\Users\Administrator\.m2\repository\org\springframework\data\spring-data-jpa\3.3.2\spring-data-jpa-3.3.2.jar;C:\Users\Administrator\.m2\repository\org\springframework\data\spring-data-commons\3.3.2\spring-data-commons-3.3.2.jar;C:\Users\Administrator\.m2\repository\org\springframework\spring-orm\6.1.11\spring-orm-6.1.11.jar;C:\Users\Administrator\.m2\repository\org\springframework\spring-context\6.1.11\spring-context-6.1.11.jar;C:\Users\Administrator\.m2\repository\org\springframework\spring-tx\6.1.11\spring-tx-6.1.11.jar;C:\Users\Administrator\.m2\repository\org\springframework\spring-beans\6.1.11\spring-beans-6.1.11.jar;C:\Users\Administrator\.m2\repository\org\slf4j\slf4j-api\2.0.13\slf4j-api-2.0.13.jar;C:\Users\Administrator\.m2\repository\org\springframework\spring-aspects\6.1.11\spring-aspects-6.1.11.jar;C:\Users\Administrator\.m2\repository\org\springframework\boot\spring-boot-starter-validation\3.3.2\spring-boot-starter-validation-3.3.2.jar;C:\Users\Administrator\.m2\repository\org\apache\tomcat\embed\tomcat-embed-el\10.1.26\tomcat-embed-el-10.1.26.jar;C:\Users\Administrator\.m2\repository\org\hibernate\validator\hibernate-validator\8.0.1.Final\hibernate-validator-8.0.1.Final.jar;C:\Users\Administrator\.m2\repository\jakarta\validation\jakarta.validation-api\3.0.2\jakarta.validation-api-3.0.2.jar;C:\Users\Administrator\.m2\repository\org\springframework\cloud\spring-cloud-starter-openfeign\4.1.3\spring-cloud-starter-openfeign-4.1.3.jar;C:\Users\Administrator\.m2\repository\org\springframework\cloud\spring-cloud-starter\4.1.4\spring-cloud-starter-4.1.4.jar;C:\Users\Administrator\.m2\repository\org\springframework\cloud\spring-cloud-context\4.1.4\spring-cloud-context-4.1.4.jar;C:\Users\Administrator\.m2\repository\org\springframework\security\spring-security-rsa\1.1.3\spring-security-rsa-1.1.3.jar;C:\Users\Administrator\.m2\repository\org\bouncycastle\bcprov-jdk18on\1.78\bcprov-jdk18on-1.78.jar;C:\Users\Administrator\.m2\repository\org\springframework\cloud\spring-cloud-openfeign-core\4.1.3\spring-cloud-openfeign-core-4.1.3.jar;C:\Users\Administrator\.m2\repository\io\github\openfeign\form\feign-form-spring\3.8.0\feign-form-spring-3.8.0.jar;C:\Users\Administrator\.m2\repository\io\github\openfeign\form\feign-form\3.8.0\feign-form-3.8.0.jar;C:\Users\Administrator\.m2\repository\commons-fileupload\commons-fileupload\1.5\commons-fileupload-1.5.jar;C:\Users\Administrator\.m2\repository\commons-io\commons-io\2.11.0\commons-io-2.11.0.jar;C:\Users\Administrator\.m2\repository\org\springframework\spring-web\6.1.11\spring-web-6.1.11.jar;C:\Users\Administrator\.m2\repository\org\springframework\cloud\spring-cloud-commons\4.1.4\spring-cloud-commons-4.1.4.jar;C:\Users\Administrator\.m2\repository\org\springframework\security\spring-security-crypto\6.3.1\spring-security-crypto-6.3.1.jar;C:\Users\Administrator\.m2\repository\io\github\openfeign\feign-core\13.3\feign-core-13.3.jar;C:\Users\Administrator\.m2\repository\io\github\openfeign\feign-slf4j\13.3\feign-slf4j-13.3.jar;C:\Users\Administrator\.m2\repository\org\springframework\boot\spring-boot-starter-web\3.3.2\spring-boot-starter-web-3.3.2.jar;C:\Users\Administrator\.m2\repository\org\springframework\boot\spring-boot-starter-json\3.3.2\spring-boot-starter-json-3.3.2.jar;C:\Users\Administrator\.m2\repository\com\fasterxml\jackson\datatype\jackson-datatype-jdk8\2.17.2\jackson-datatype-jdk8-2.17.2.jar;C:\Users\Administrator\.m2\repository\com\fasterxml\jackson\module\jackson-module-parameter-names\2.17.2\jackson-module-parameter-names-2.17.2.jar;C:\Users\Administrator\.m2\repository\org\springframework\boot\spring-boot-starter-tomcat\3.3.2\spring-boot-starter-tomcat-3.3.2.jar;C:\Users\Administrator\.m2\repository\org\apache\tomcat\embed\tomcat-embed-core\10.1.26\tomcat-embed-core-10.1.26.jar;C:\Users\Administrator\.m2\repository\org\apache\tomcat\embed\tomcat-embed-websocket\10.1.26\tomcat-embed-websocket-10.1.26.jar;C:\Users\Administrator\.m2\repository\org\springframework\spring-webmvc\6.1.11\spring-webmvc-6.1.11.jar;C:\Users\Administrator\.m2\repository\org\springframework\spring-expression\6.1.11\spring-expression-6.1.11.jar;C:\Users\Administrator\.m2\repository\org\springframework\cloud\spring-cloud-starter-netflix-eureka-client\4.1.3\spring-cloud-starter-netflix-eureka-client-4.1.3.jar;C:\Users\Administrator\.m2\repository\org\springframework\cloud\spring-cloud-netflix-eureka-client\4.1.3\spring-cloud-netflix-eureka-client-4.1.3.jar;C:\Users\Administrator\.m2\repository\org\apache\httpcomponents\client5\httpclient5\5.3.1\httpclient5-5.3.1.jar;C:\Users\Administrator\.m2\repository\org\apache\httpcomponents\core5\httpcore5\5.2.5\httpcore5-5.2.5.jar;C:\Users\Administrator\.m2\repository\org\apache\httpcomponents\core5\httpcore5-h2\5.2.5\httpcore5-h2-5.2.5.jar;C:\Users\Administrator\.m2\repository\com\netflix\eureka\eureka-client\2.0.3\eureka-client-2.0.3.jar;C:\Users\Administrator\.m2\repository\com\thoughtworks\xstream\xstream\1.4.20\xstream-1.4.20.jar;C:\Users\Administrator\.m2\repository\io\github\x-stream\mxparser\1.2.2\mxparser-1.2.2.jar;C:\Users\Administrator\.m2\repository\xmlpull\xmlpull\1.1.3.1\xmlpull-1.1.3.1.jar;C:\Users\Administrator\.m2\repository\jakarta\ws\rs\jakarta.ws.rs-api\3.1.0\jakarta.ws.rs-api-3.1.0.jar;C:\Users\Administrator\.m2\repository\com\netflix\spectator\spectator-api\1.7.3\spectator-api-1.7.3.jar;C:\Users\Administrator\.m2\repository\org\apache\httpcomponents\httpclient\4.5.3\httpclient-4.5.3.jar;C:\Users\Administrator\.m2\repository\org\apache\httpcomponents\httpcore\4.4.16\httpcore-4.4.16.jar;C:\Users\Administrator\.m2\repository\commons-codec\commons-codec\1.16.1\commons-codec-1.16.1.jar;C:\Users\Administrator\.m2\repository\commons-configuration\commons-configuration\1.10\commons-configuration-1.10.jar;C:\Users\Administrator\.m2\repository\commons-lang\commons-lang\2.6\commons-lang-2.6.jar;C:\Users\Administrator\.m2\repository\com\fasterxml\jackson\core\jackson-annotations\2.17.2\jackson-annotations-2.17.2.jar;C:\Users\Administrator\.m2\repository\com\fasterxml\jackson\core\jackson-core\2.17.2\jackson-core-2.17.2.jar;C:\Users\Administrator\.m2\repository\com\netflix\netflix-commons\netflix-eventbus\0.3.0\netflix-eventbus-0.3.0.jar;C:\Users\Administrator\.m2\repository\com\netflix\netflix-commons\netflix-infix\0.3.0\netflix-infix-0.3.0.jar;C:\Users\Administrator\.m2\repository\commons-jxpath\commons-jxpath\1.3\commons-jxpath-1.3.jar;C:\Users\Administrator\.m2\repository\joda-time\joda-time\2.3\joda-time-2.3.jar;C:\Users\Administrator\.m2\repository\org\antlr\antlr-runtime\3.4\antlr-runtime-3.4.jar;C:\Users\Administrator\.m2\repository\org\antlr\stringtemplate\3.2.1\stringtemplate-3.2.1.jar;C:\Users\Administrator\.m2\repository\antlr\antlr\2.7.7\antlr-2.7.7.jar;C:\Users\Administrator\.m2\repository\com\google\code\gson\gson\2.10.1\gson-2.10.1.jar;C:\Users\Administrator\.m2\repository\com\netflix\servo\servo-core\0.5.3\servo-core-0.5.3.jar;C:\Users\Administrator\.m2\repository\org\apache\commons\commons-math\2.2\commons-math-2.2.jar;C:\Users\Administrator\.m2\repository\javax\annotation\javax.annotation-api\1.2\javax.annotation-api-1.2.jar;C:\Users\Administrator\.m2\repository\org\codehaus\jettison\jettison\1.5.4\jettison-1.5.4.jar;C:\Users\Administrator\.m2\repository\com\netflix\eureka\eureka-core\2.0.3\eureka-core-2.0.3.jar;C:\Users\Administrator\.m2\repository\com\fasterxml\woodstox\woodstox-core\6.2.1\woodstox-core-6.2.1.jar;C:\Users\Administrator\.m2\repository\org\codehaus\woodstox\stax2-api\4.2.1\stax2-api-4.2.1.jar;C:\Users\Administrator\.m2\repository\com\google\guava\guava\33.0.0-jre\guava-33.0.0-jre.jar;C:\Users\Administrator\.m2\repository\com\google\guava\failureaccess\1.0.2\failureaccess-1.0.2.jar;C:\Users\Administrator\.m2\repository\com\google\guava\listenablefuture\9999.0-empty-to-avoid-conflict-with-guava\listenablefuture-9999.0-empty-to-avoid-conflict-with-guava.jar;C:\Users\Administrator\.m2\repository\org\checkerframework\checker-qual\3.41.0\checker-qual-3.41.0.jar;C:\Users\Administrator\.m2\repository\com\google\errorprone\error_prone_annotations\2.23.0\error_prone_annotations-2.23.0.jar;C:\Users\Administrator\.m2\repository\com\google\j2objc\j2objc-annotations\2.8\j2objc-annotations-2.8.jar;C:\Users\Administrator\.m2\repository\org\springframework\cloud\spring-cloud-starter-loadbalancer\4.1.4\spring-cloud-starter-loadbalancer-4.1.4.jar;C:\Users\Administrator\.m2\repository\org\springframework\cloud\spring-cloud-loadbalancer\4.1.4\spring-cloud-loadbalancer-4.1.4.jar;C:\Users\Administrator\.m2\repository\io\projectreactor\reactor-core\3.6.8\reactor-core-3.6.8.jar;C:\Users\Administrator\.m2\repository\org\reactivestreams\reactive-streams\1.0.4\reactive-streams-1.0.4.jar;C:\Users\Administrator\.m2\repository\io\projectreactor\addons\reactor-extra\3.5.1\reactor-extra-3.5.1.jar;C:\Users\Administrator\.m2\repository\org\springframework\boot\spring-boot-starter-cache\3.3.2\spring-boot-starter-cache-3.3.2.jar;C:\Users\Administrator\.m2\repository\org\springframework\spring-context-support\6.1.11\spring-context-support-6.1.11.jar;C:\Users\Administrator\.m2\repository\com\stoyanr\evictor\1.0.0\evictor-1.0.0.jar;C:\Users\Administrator\.m2\repository\org\springframework\boot\spring-boot-devtools\3.3.2\spring-boot-devtools-3.3.2.jar;C:\Users\Administrator\.m2\repository\org\springframework\boot\spring-boot\3.3.2\spring-boot-3.3.2.jar;C:\Users\Administrator\.m2\repository\org\springframework\boot\spring-boot-autoconfigure\3.3.2\spring-boot-autoconfigure-3.3.2.jar;C:\Users\Administrator\.m2\repository\org\springframework\cloud\spring-cloud-starter-config\4.1.3\spring-cloud-starter-config-4.1.3.jar;C:\Users\Administrator\.m2\repository\org\springframework\cloud\spring-cloud-config-client\4.1.3\spring-cloud-config-client-4.1.3.jar;C:\Users\Administrator\.m2\repository\com\fasterxml\jackson\core\jackson-databind\2.17.2\jackson-databind-2.17.2.jar;C:\Users\Administrator\.m2\repository\com\mysql\mysql-connector-j\8.3.0\mysql-connector-j-8.3.0.jar;C:\Users\Administrator\.m2\repository\org\springdoc\springdoc-openapi-starter-webmvc-ui\2.6.0\springdoc-openapi-starter-webmvc-ui-2.6.0.jar;C:\Users\Administrator\.m2\repository\org\springdoc\springdoc-openapi-starter-webmvc-api\2.6.0\springdoc-openapi-starter-webmvc-api-2.6.0.jar;C:\Users\Administrator\.m2\repository\org\springdoc\springdoc-openapi-starter-common\2.6.0\springdoc-openapi-starter-common-2.6.0.jar;C:\Users\Administrator\.m2\repository\io\swagger\core\v3\swagger-core-jakarta\2.2.22\swagger-core-jakarta-2.2.22.jar;C:\Users\Administrator\.m2\repository\org\apache\commons\commons-lang3\3.14.0\commons-lang3-3.14.0.jar;C:\Users\Administrator\.m2\repository\io\swagger\core\v3\swagger-annotations-jakarta\2.2.22\swagger-annotations-jakarta-2.2.22.jar;C:\Users\Administrator\.m2\repository\io\swagger\core\v3\swagger-models-jakarta\2.2.22\swagger-models-jakarta-2.2.22.jar;C:\Users\Administrator\.m2\repository\com\fasterxml\jackson\dataformat\jackson-dataformat-yaml\2.17.2\jackson-dataformat-yaml-2.17.2.jar;C:\Users\Administrator\.m2\repository\org\webjars\swagger-ui\5.17.14\swagger-ui-5.17.14.jar;C:\Users\Administrator\.m2\repository\org\projectlombok\lombok\1.18.34\lombok-1.18.34.jar;C:\Users\Administrator\.m2\repository\jakarta\xml\bind\jakarta.xml.bind-api\4.0.2\jakarta.xml.bind-api-4.0.2.jar;C:\Users\Administrator\.m2\repository\jakarta\activation\jakarta.activation-api\2.1.3\jakarta.activation-api-2.1.3.jar;C:\Users\Administrator\.m2\repository\org\springframework\spring-core\6.1.11\spring-core-6.1.11.jar;C:\Users\Administrator\.m2\repository\org\springframework\spring-jcl\6.1.11\spring-jcl-6.1.11.jar
Launcher Type: SUN_STANDARD

[Global flags]
     intx CICompilerCount                          = 3                                         {product} {ergonomic}
     uint ConcGCThreads                            = 1                                         {product} {ergonomic}
     uint G1ConcRefinementThreads                  = 4                                         {product} {ergonomic}
   size_t G1HeapRegionSize                         = 2097152                                   {product} {ergonomic}
    uintx GCDrainStackTargetSize                   = 64                                        {product} {ergonomic}
   size_t InitialHeapSize                          = 201326592                                 {product} {ergonomic}
   size_t MarkStackSize                            = 4194304                                   {product} {ergonomic}
   size_t MaxHeapSize                              = 3221225472                                {product} {ergonomic}
   size_t MaxNewSize                               = 1931476992                                {product} {ergonomic}
   size_t MinHeapDeltaBytes                        = 2097152                                   {product} {ergonomic}
   size_t MinHeapSize                              = 8388608                                   {product} {ergonomic}
    uintx NonNMethodCodeHeapSize                   = 5832780                                {pd product} {ergonomic}
    uintx NonProfiledCodeHeapSize                  = 122912730                              {pd product} {ergonomic}
    uintx ProfiledCodeHeapSize                     = 122912730                              {pd product} {ergonomic}
    uintx ReservedCodeCacheSize                    = 251658240                              {pd product} {ergonomic}
     bool SegmentedCodeCache                       = true                                      {product} {ergonomic}
   size_t SoftMaxHeapSize                          = 3221225472                             {manageable} {ergonomic}
     bool UseCompressedOops                        = true                           {product lp64_product} {ergonomic}
     bool UseG1GC                                  = true                                      {product} {ergonomic}
     bool UseLargePagesIndividualAllocation        = false                                  {pd product} {ergonomic}

Logging:
Log output configuration:
 #0: stdout all=warning uptime,level,tags foldmultilines=false
 #1: stderr all=off uptime,level,tags foldmultilines=false

Environment Variables:
JAVA_HOME=C:\Program Files\Amazon Corretto\jdk21.0.4_7
PATH=C:\Program Files\Amazon Corretto\jdk21.0.4_7\bin;C:\Program Files\Java\jdk-11.0.15.1\bin;C:\Program Files (x86)\Common Files\Oracle\Java\javapath;C:\Program Files\Common Files\Oracle\Java\javapath;C:\Windows\system32;C:\Windows;C:\Windows\System32\Wbem;C:\Windows\System32\WindowsPowerShell\v1.0\;C:\Windows\System32\OpenSSH\;C:\Program Files\erl-26.0\bin;C:\Program Files\nodejs\;C:\Program Files\nodejs\node_modules\npm\bin;C:\Java\jdk1.8.0_202\bin;C:\apache-maven-3.9.8\bin;C:\Program Files\Microsoft SQL Server\150\Tools\Binn\;C:\Program Files\Microsoft SQL Server\Client SDK\ODBC\170\Tools\Binn\;C:\Program Files\dotnet\;C:\Program Files\Git\cmd;C:\apache-jmeter-5.6.3\bin;C:\Program Files (x86)\Windows Kits\10\Windows Performance Toolkit\;C:\Program Files\Docker\Docker\resources\bin;C:\Program Files\MySQL\MySQL Shell 8.0\bin\;C:\Users\Administrator\AppData\Local\Microsoft\WindowsApps;C:\Users\Administrator\AppData\Roaming\npm;C:\Users\Administrator\.dotnet\tools;C:\Program Files\Amazon Corretto\jdk21.0.4_7\bin;;C:\Program Files\JetBrains\IntelliJ IDEA Community Edition 2024.1.4\bin;
USERNAME=Administrator
OS=Windows_NT
PROCESSOR_IDENTIFIER=Intel64 Family 6 Model 85 Stepping 4, GenuineIntel
TMP=C:\Users\ADMINI~1\AppData\Local\Temp
TEMP=C:\Users\ADMINI~1\AppData\Local\Temp




Periodic native trim disabled

---------------  S Y S T E M  ---------------

OS:
 Windows 10 , 64 bit Build 19041 (10.0.19041.3636)
OS uptime: 3 days 6:06 hours
Hyper-V role detected

CPU: total 4 (initial active 4) (2 cores per cpu, 1 threads per core) family 6 model 85 stepping 4 microcode 0x2006d05, cx8, cmov, fxsr, mmx, 3dnowpref, sse, sse2, sse3, ssse3, sse4.1, sse4.2, popcnt, lzcnt, tsc, tscinvbit, avx, avx2, aes, erms, clmul, bmi1, bmi2, adx, fma, vzeroupper, clflush, clflushopt, clwb, hv, rdtscp, f16c
Processor Information for all 4 processors :
  Max Mhz: 2295, Current Mhz: 2295, Mhz Limit: 2295

Memory: 4k page, system-wide physical 12286M (1633M free)
TotalPageFile size 31409M (AvailPageFile size 5M)
current process WorkingSet (physical memory assigned to process): 157M, peak: 157M
current process commit charge ("private bytes"): 330M, peak: 332M

vm_info: OpenJDK 64-Bit Server VM (21.0.4+7-LTS) for windows-amd64 JRE (21.0.4+7-LTS), built on 2024-07-10T17:34:29Z by "Administrator" with MS VC++ 16.10 / 16.11 (VS2019)

END.
